[2022-05-05 23:33:05.536] [exthost] [info] extension host started
[2022-05-05 23:33:05.617] [exthost] [info] ExtensionService#_doActivateExtension vscode.configuration-editing {"startup":false,"extensionId":{"value":"vscode.configuration-editing","_lower":"vscode.configuration-editing"},"activationEvent":"onLanguage:jsonc"}
[2022-05-05 23:33:05.618] [exthost] [info] ExtensionService#loadCommonJSModule file:///c:/Users/3laa/.p2/pool/plugins/com.genuitec.eclipse.code.engine.app.win32.x86_64_3.6.0.202002212104/engine/resources/app/extensions/configuration-editing/dist/extension
[2022-05-05 23:33:05.647] [exthost] [info] ExtensionService#_doActivateExtension vscode.json-language-features {"startup":false,"extensionId":{"value":"vscode.json-language-features","_lower":"vscode.json-language-features"},"activationEvent":"onLanguage:jsonc"}
[2022-05-05 23:33:05.647] [exthost] [info] ExtensionService#loadCommonJSModule file:///c:/Users/3laa/.p2/pool/plugins/com.genuitec.eclipse.code.engine.app.win32.x86_64_3.6.0.202002212104/engine/resources/app/extensions/json-language-features/client/dist/jsonMain
[2022-05-05 23:33:05.894] [exthost] [info] ExtensionService#_doActivateExtension vscode.typescript-language-features {"startup":false,"extensionId":{"value":"vscode.typescript-language-features","_lower":"vscode.typescript-language-features"},"activationEvent":"onLanguage:jsonc"}
[2022-05-05 23:33:05.894] [exthost] [info] ExtensionService#loadCommonJSModule file:///c:/Users/3laa/.p2/pool/plugins/com.genuitec.eclipse.code.engine.app.win32.x86_64_3.6.0.202002212104/engine/resources/app/extensions/typescript-language-features/dist/extension
[2022-05-05 23:33:06.051] [exthost] [info] ExtensionService#_doActivateExtension HookyQR.beautify {"startup":true,"extensionId":{"value":"HookyQR.beautify","_lower":"hookyqr.beautify"},"activationEvent":"*"}
[2022-05-05 23:33:06.051] [exthost] [info] ExtensionService#loadCommonJSModule file:///c:/Users/3laa/.p2/pool/plugins/pack.core.win_3.6.0.202007171759/HookyQR.beautify-1.4.11/extension
[2022-05-05 23:33:06.382] [exthost] [info] ExtensionService#_doActivateExtension christian-kohler.path-intellisense {"startup":true,"extensionId":{"value":"christian-kohler.path-intellisense","_lower":"christian-kohler.path-intellisense"},"activationEvent":"*"}
[2022-05-05 23:33:06.382] [exthost] [info] ExtensionService#loadCommonJSModule file:///c:/Users/3laa/.p2/pool/plugins/pack.core.win_3.6.0.202007171759/christian-kohler.path-intellisense-1.4.2/out/src/extension
[2022-05-05 23:33:06.494] [exthost] [info] ExtensionService#_doActivateExtension dbaeumer.vscode-eslint {"startup":true,"extensionId":{"value":"dbaeumer.vscode-eslint","_lower":"dbaeumer.vscode-eslint"},"activationEvent":"*"}
[2022-05-05 23:33:06.494] [exthost] [info] ExtensionService#loadCommonJSModule file:///c:/Users/3laa/.p2/pool/plugins/pack.core.win_3.6.0.202007171759/dbaeumer.vscode-eslint-1.9.0/client/out/extension
[2022-05-05 23:33:06.527] [exthost] [info] ExtensionService#_doActivateExtension vscode.debug-auto-launch {"startup":true,"extensionId":{"value":"vscode.debug-auto-launch","_lower":"vscode.debug-auto-launch"},"activationEvent":"*"}
[2022-05-05 23:33:06.527] [exthost] [info] ExtensionService#loadCommonJSModule file:///c:/Users/3laa/.p2/pool/plugins/com.genuitec.eclipse.code.engine.app.win32.x86_64_3.6.0.202002212104/engine/resources/app/extensions/debug-auto-launch/dist/extension
[2022-05-05 23:33:06.536] [exthost] [info] ExtensionService#_doActivateExtension vscode.emmet {"startup":true,"extensionId":{"value":"vscode.emmet","_lower":"vscode.emmet"},"activationEvent":"*"}
[2022-05-05 23:33:06.536] [exthost] [info] ExtensionService#loadCommonJSModule file:///c:/Users/3laa/.p2/pool/plugins/com.genuitec.eclipse.code.engine.app.win32.x86_64_3.6.0.202002212104/engine/resources/app/extensions/emmet/dist/extension
[2022-05-05 23:33:06.604] [exthost] [info] ExtensionService#_doActivateExtension formulahendry.auto-close-tag {"startup":true,"extensionId":{"value":"formulahendry.auto-close-tag","_lower":"formulahendry.auto-close-tag"},"activationEvent":"*"}
[2022-05-05 23:33:06.604] [exthost] [info] ExtensionService#loadCommonJSModule file:///c:/Users/3laa/.p2/pool/plugins/pack.core.win_3.6.0.202007171759/formulahendry.auto-close-tag-0.5.6/out/src/extension
[2022-05-05 23:33:06.609] [exthost] [info] eager extensions activated
[2022-05-05 23:33:06.634] [exthost] [info] ExtensionService#_doActivateExtension vscode.grunt {"startup":false,"extensionId":{"value":"vscode.grunt","_lower":"vscode.grunt"},"activationEvent":"onCommand:workbench.action.tasks.runTask"}
[2022-05-05 23:33:06.634] [exthost] [info] ExtensionService#loadCommonJSModule file:///c:/Users/3laa/.p2/pool/plugins/com.genuitec.eclipse.code.engine.app.win32.x86_64_3.6.0.202002212104/engine/resources/app/extensions/grunt/dist/main
[2022-05-05 23:33:06.643] [exthost] [info] ExtensionService#_doActivateExtension vscode.gulp {"startup":false,"extensionId":{"value":"vscode.gulp","_lower":"vscode.gulp"},"activationEvent":"onCommand:workbench.action.tasks.runTask"}
[2022-05-05 23:33:06.643] [exthost] [info] ExtensionService#loadCommonJSModule file:///c:/Users/3laa/.p2/pool/plugins/com.genuitec.eclipse.code.engine.app.win32.x86_64_3.6.0.202002212104/engine/resources/app/extensions/gulp/dist/main
[2022-05-05 23:33:06.652] [exthost] [info] ExtensionService#_doActivateExtension vscode.jake {"startup":false,"extensionId":{"value":"vscode.jake","_lower":"vscode.jake"},"activationEvent":"onCommand:workbench.action.tasks.runTask"}
[2022-05-05 23:33:06.652] [exthost] [info] ExtensionService#loadCommonJSModule file:///c:/Users/3laa/.p2/pool/plugins/com.genuitec.eclipse.code.engine.app.win32.x86_64_3.6.0.202002212104/engine/resources/app/extensions/jake/dist/main
[2022-05-05 23:33:06.661] [exthost] [info] ExtensionService#_doActivateExtension vscode.npm {"startup":false,"extensionId":{"value":"vscode.npm","_lower":"vscode.npm"},"activationEvent":"onCommand:workbench.action.tasks.runTask"}
[2022-05-05 23:33:06.661] [exthost] [info] ExtensionService#loadCommonJSModule file:///c:/Users/3laa/.p2/pool/plugins/com.genuitec.eclipse.code.engine.app.win32.x86_64_3.6.0.202002212104/engine/resources/app/extensions/npm/dist/main
[2022-05-05 23:33:08.163] [exthost] [info] extension host started
[2022-05-05 23:33:08.189] [exthost] [info] ExtensionService#_doActivateExtension vscode.configuration-editing {"startup":false,"extensionId":{"value":"vscode.configuration-editing","_lower":"vscode.configuration-editing"},"activationEvent":"onLanguage:jsonc"}
[2022-05-05 23:33:08.190] [exthost] [info] ExtensionService#loadCommonJSModule file:///c:/Users/3laa/.p2/pool/plugins/com.genuitec.eclipse.code.engine.app.win32.x86_64_3.6.0.202002212104/engine/resources/app/extensions/configuration-editing/dist/extension
[2022-05-05 23:33:08.200] [exthost] [info] ExtensionService#_doActivateExtension vscode.json-language-features {"startup":false,"extensionId":{"value":"vscode.json-language-features","_lower":"vscode.json-language-features"},"activationEvent":"onLanguage:jsonc"}
[2022-05-05 23:33:08.200] [exthost] [info] ExtensionService#loadCommonJSModule file:///c:/Users/3laa/.p2/pool/plugins/com.genuitec.eclipse.code.engine.app.win32.x86_64_3.6.0.202002212104/engine/resources/app/extensions/json-language-features/client/dist/jsonMain
[2022-05-05 23:33:08.237] [exthost] [info] ExtensionService#_doActivateExtension vscode.typescript-language-features {"startup":false,"extensionId":{"value":"vscode.typescript-language-features","_lower":"vscode.typescript-language-features"},"activationEvent":"onLanguage:jsonc"}
[2022-05-05 23:33:08.237] [exthost] [info] ExtensionService#loadCommonJSModule file:///c:/Users/3laa/.p2/pool/plugins/com.genuitec.eclipse.code.engine.app.win32.x86_64_3.6.0.202002212104/engine/resources/app/extensions/typescript-language-features/dist/extension
[2022-05-05 23:33:08.267] [exthost] [info] ExtensionService#_doActivateExtension vscode.grunt {"startup":false,"extensionId":{"value":"vscode.grunt","_lower":"vscode.grunt"},"activationEvent":"onCommand:workbench.action.tasks.runTask"}
[2022-05-05 23:33:08.267] [exthost] [info] ExtensionService#loadCommonJSModule file:///c:/Users/3laa/.p2/pool/plugins/com.genuitec.eclipse.code.engine.app.win32.x86_64_3.6.0.202002212104/engine/resources/app/extensions/grunt/dist/main
[2022-05-05 23:33:08.271] [exthost] [info] ExtensionService#_doActivateExtension vscode.gulp {"startup":false,"extensionId":{"value":"vscode.gulp","_lower":"vscode.gulp"},"activationEvent":"onCommand:workbench.action.tasks.runTask"}
[2022-05-05 23:33:08.271] [exthost] [info] ExtensionService#loadCommonJSModule file:///c:/Users/3laa/.p2/pool/plugins/com.genuitec.eclipse.code.engine.app.win32.x86_64_3.6.0.202002212104/engine/resources/app/extensions/gulp/dist/main
[2022-05-05 23:33:08.275] [exthost] [info] ExtensionService#_doActivateExtension vscode.jake {"startup":false,"extensionId":{"value":"vscode.jake","_lower":"vscode.jake"},"activationEvent":"onCommand:workbench.action.tasks.runTask"}
[2022-05-05 23:33:08.275] [exthost] [info] ExtensionService#loadCommonJSModule file:///c:/Users/3laa/.p2/pool/plugins/com.genuitec.eclipse.code.engine.app.win32.x86_64_3.6.0.202002212104/engine/resources/app/extensions/jake/dist/main
[2022-05-05 23:33:08.278] [exthost] [info] ExtensionService#_doActivateExtension vscode.npm {"startup":false,"extensionId":{"value":"vscode.npm","_lower":"vscode.npm"},"activationEvent":"onCommand:workbench.action.tasks.runTask"}
[2022-05-05 23:33:08.279] [exthost] [info] ExtensionService#loadCommonJSModule file:///c:/Users/3laa/.p2/pool/plugins/com.genuitec.eclipse.code.engine.app.win32.x86_64_3.6.0.202002212104/engine/resources/app/extensions/npm/dist/main
[2022-05-05 23:33:08.291] [exthost] [info] ExtensionService#_doActivateExtension HookyQR.beautify {"startup":true,"extensionId":{"value":"HookyQR.beautify","_lower":"hookyqr.beautify"},"activationEvent":"*"}
[2022-05-05 23:33:08.291] [exthost] [info] ExtensionService#loadCommonJSModule file:///c:/Users/3laa/.p2/pool/plugins/pack.core.win_3.6.0.202007171759/HookyQR.beautify-1.4.11/extension
[2022-05-05 23:33:08.375] [exthost] [info] ExtensionService#_doActivateExtension christian-kohler.path-intellisense {"startup":true,"extensionId":{"value":"christian-kohler.path-intellisense","_lower":"christian-kohler.path-intellisense"},"activationEvent":"*"}
[2022-05-05 23:33:08.375] [exthost] [info] ExtensionService#loadCommonJSModule file:///c:/Users/3laa/.p2/pool/plugins/pack.core.win_3.6.0.202007171759/christian-kohler.path-intellisense-1.4.2/out/src/extension
[2022-05-05 23:33:08.394] [exthost] [info] ExtensionService#_doActivateExtension dbaeumer.vscode-eslint {"startup":true,"extensionId":{"value":"dbaeumer.vscode-eslint","_lower":"dbaeumer.vscode-eslint"},"activationEvent":"*"}
[2022-05-05 23:33:08.394] [exthost] [info] ExtensionService#loadCommonJSModule file:///c:/Users/3laa/.p2/pool/plugins/pack.core.win_3.6.0.202007171759/dbaeumer.vscode-eslint-1.9.0/client/out/extension
[2022-05-05 23:33:08.413] [exthost] [info] ExtensionService#_doActivateExtension vscode.debug-auto-launch {"startup":true,"extensionId":{"value":"vscode.debug-auto-launch","_lower":"vscode.debug-auto-launch"},"activationEvent":"*"}
[2022-05-05 23:33:08.413] [exthost] [info] ExtensionService#loadCommonJSModule file:///c:/Users/3laa/.p2/pool/plugins/com.genuitec.eclipse.code.engine.app.win32.x86_64_3.6.0.202002212104/engine/resources/app/extensions/debug-auto-launch/dist/extension
[2022-05-05 23:33:08.418] [exthost] [info] ExtensionService#_doActivateExtension vscode.emmet {"startup":true,"extensionId":{"value":"vscode.emmet","_lower":"vscode.emmet"},"activationEvent":"*"}
[2022-05-05 23:33:08.418] [exthost] [info] ExtensionService#loadCommonJSModule file:///c:/Users/3laa/.p2/pool/plugins/com.genuitec.eclipse.code.engine.app.win32.x86_64_3.6.0.202002212104/engine/resources/app/extensions/emmet/dist/extension
[2022-05-05 23:33:08.447] [exthost] [info] ExtensionService#_doActivateExtension formulahendry.auto-close-tag {"startup":true,"extensionId":{"value":"formulahendry.auto-close-tag","_lower":"formulahendry.auto-close-tag"},"activationEvent":"*"}
[2022-05-05 23:33:08.447] [exthost] [info] ExtensionService#loadCommonJSModule file:///c:/Users/3laa/.p2/pool/plugins/pack.core.win_3.6.0.202007171759/formulahendry.auto-close-tag-0.5.6/out/src/extension
[2022-05-05 23:33:08.468] [exthost] [info] eager extensions activated
[2022-05-05 23:35:56.139] [exthost] [info] extension host started
[2022-05-05 23:35:56.157] [exthost] [info] ExtensionService#_doActivateExtension vscode.configuration-editing {"startup":false,"extensionId":{"value":"vscode.configuration-editing","_lower":"vscode.configuration-editing"},"activationEvent":"onLanguage:jsonc"}
[2022-05-05 23:35:56.157] [exthost] [info] ExtensionService#loadCommonJSModule file:///c:/Users/3laa/.p2/pool/plugins/com.genuitec.eclipse.code.engine.app.win32.x86_64_3.6.0.202002212104/engine/resources/app/extensions/configuration-editing/dist/extension
[2022-05-05 23:35:56.161] [exthost] [info] ExtensionService#_doActivateExtension vscode.json-language-features {"startup":false,"extensionId":{"value":"vscode.json-language-features","_lower":"vscode.json-language-features"},"activationEvent":"onLanguage:jsonc"}
[2022-05-05 23:35:56.162] [exthost] [info] ExtensionService#loadCommonJSModule file:///c:/Users/3laa/.p2/pool/plugins/com.genuitec.eclipse.code.engine.app.win32.x86_64_3.6.0.202002212104/engine/resources/app/extensions/json-language-features/client/dist/jsonMain
[2022-05-05 23:35:56.176] [exthost] [info] ExtensionService#_doActivateExtension vscode.typescript-language-features {"startup":false,"extensionId":{"value":"vscode.typescript-language-features","_lower":"vscode.typescript-language-features"},"activationEvent":"onLanguage:jsonc"}
[2022-05-05 23:35:56.176] [exthost] [info] ExtensionService#loadCommonJSModule file:///c:/Users/3laa/.p2/pool/plugins/com.genuitec.eclipse.code.engine.app.win32.x86_64_3.6.0.202002212104/engine/resources/app/extensions/typescript-language-features/dist/extension
[2022-05-05 23:35:56.188] [exthost] [info] ExtensionService#_doActivateExtension vscode.grunt {"startup":false,"extensionId":{"value":"vscode.grunt","_lower":"vscode.grunt"},"activationEvent":"onCommand:workbench.action.tasks.runTask"}
[2022-05-05 23:35:56.189] [exthost] [info] ExtensionService#loadCommonJSModule file:///c:/Users/3laa/.p2/pool/plugins/com.genuitec.eclipse.code.engine.app.win32.x86_64_3.6.0.202002212104/engine/resources/app/extensions/grunt/dist/main
[2022-05-05 23:35:56.191] [exthost] [info] ExtensionService#_doActivateExtension vscode.gulp {"startup":false,"extensionId":{"value":"vscode.gulp","_lower":"vscode.gulp"},"activationEvent":"onCommand:workbench.action.tasks.runTask"}
[2022-05-05 23:35:56.191] [exthost] [info] ExtensionService#loadCommonJSModule file:///c:/Users/3laa/.p2/pool/plugins/com.genuitec.eclipse.code.engine.app.win32.x86_64_3.6.0.202002212104/engine/resources/app/extensions/gulp/dist/main
[2022-05-05 23:35:56.193] [exthost] [info] ExtensionService#_doActivateExtension vscode.jake {"startup":false,"extensionId":{"value":"vscode.jake","_lower":"vscode.jake"},"activationEvent":"onCommand:workbench.action.tasks.runTask"}
[2022-05-05 23:35:56.193] [exthost] [info] ExtensionService#loadCommonJSModule file:///c:/Users/3laa/.p2/pool/plugins/com.genuitec.eclipse.code.engine.app.win32.x86_64_3.6.0.202002212104/engine/resources/app/extensions/jake/dist/main
[2022-05-05 23:35:56.196] [exthost] [info] ExtensionService#_doActivateExtension vscode.npm {"startup":false,"extensionId":{"value":"vscode.npm","_lower":"vscode.npm"},"activationEvent":"onCommand:workbench.action.tasks.runTask"}
[2022-05-05 23:35:56.196] [exthost] [info] ExtensionService#loadCommonJSModule file:///c:/Users/3laa/.p2/pool/plugins/com.genuitec.eclipse.code.engine.app.win32.x86_64_3.6.0.202002212104/engine/resources/app/extensions/npm/dist/main
[2022-05-05 23:35:56.201] [exthost] [info] ExtensionService#_doActivateExtension HookyQR.beautify {"startup":true,"extensionId":{"value":"HookyQR.beautify","_lower":"hookyqr.beautify"},"activationEvent":"*"}
[2022-05-05 23:35:56.201] [exthost] [info] ExtensionService#loadCommonJSModule file:///c:/Users/3laa/.p2/pool/plugins/pack.core.win_3.6.0.202007171759/HookyQR.beautify-1.4.11/extension
[2022-05-05 23:35:56.256] [exthost] [info] ExtensionService#_doActivateExtension christian-kohler.path-intellisense {"startup":true,"extensionId":{"value":"christian-kohler.path-intellisense","_lower":"christian-kohler.path-intellisense"},"activationEvent":"*"}
[2022-05-05 23:35:56.257] [exthost] [info] ExtensionService#loadCommonJSModule file:///c:/Users/3laa/.p2/pool/plugins/pack.core.win_3.6.0.202007171759/christian-kohler.path-intellisense-1.4.2/out/src/extension
[2022-05-05 23:35:56.271] [exthost] [info] ExtensionService#_doActivateExtension dbaeumer.vscode-eslint {"startup":true,"extensionId":{"value":"dbaeumer.vscode-eslint","_lower":"dbaeumer.vscode-eslint"},"activationEvent":"*"}
[2022-05-05 23:35:56.271] [exthost] [info] ExtensionService#loadCommonJSModule file:///c:/Users/3laa/.p2/pool/plugins/pack.core.win_3.6.0.202007171759/dbaeumer.vscode-eslint-1.9.0/client/out/extension
[2022-05-05 23:35:56.276] [exthost] [info] ExtensionService#_doActivateExtension vscode.debug-auto-launch {"startup":true,"extensionId":{"value":"vscode.debug-auto-launch","_lower":"vscode.debug-auto-launch"},"activationEvent":"*"}
[2022-05-05 23:35:56.276] [exthost] [info] ExtensionService#loadCommonJSModule file:///c:/Users/3laa/.p2/pool/plugins/com.genuitec.eclipse.code.engine.app.win32.x86_64_3.6.0.202002212104/engine/resources/app/extensions/debug-auto-launch/dist/extension
[2022-05-05 23:35:56.279] [exthost] [info] ExtensionService#_doActivateExtension vscode.emmet {"startup":true,"extensionId":{"value":"vscode.emmet","_lower":"vscode.emmet"},"activationEvent":"*"}
[2022-05-05 23:35:56.279] [exthost] [info] ExtensionService#loadCommonJSModule file:///c:/Users/3laa/.p2/pool/plugins/com.genuitec.eclipse.code.engine.app.win32.x86_64_3.6.0.202002212104/engine/resources/app/extensions/emmet/dist/extension
[2022-05-05 23:35:56.303] [exthost] [info] ExtensionService#_doActivateExtension formulahendry.auto-close-tag {"startup":true,"extensionId":{"value":"formulahendry.auto-close-tag","_lower":"formulahendry.auto-close-tag"},"activationEvent":"*"}
[2022-05-05 23:35:56.311] [exthost] [info] ExtensionService#loadCommonJSModule file:///c:/Users/3laa/.p2/pool/plugins/pack.core.win_3.6.0.202007171759/formulahendry.auto-close-tag-0.5.6/out/src/extension
[2022-05-05 23:35:56.314] [exthost] [info] eager extensions activated
